<?xml version="1.0" encoding="UTF-8"?>
<testsuite xmlns:xsi="http://www.w3.org/2001/XMLSchema-instance"
           xsi:noNamespaceSchemaLocation="https://maven.apache.org/surefire/maven-surefire-plugin/xsd/surefire-test-report.xsd"
           name="com.danny.sfgpetclinic.controllers.IndexControllerTest" time="0.131" tests="12" errors="0" skipped="5"
           failures="0">
    <properties>
[...]
</properties>
    <testcase name="testOnJava8" classname="com.danny.sfgpetclinic.controllers.IndexControllerTest" time="0"/>
    <testcase name="testOnMacOS" classname="com.danny.sfgpetclinic.controllers.IndexControllerTest" time="0">
        <skipped message="Disabled on operating system: Windows 10"/>
    </testcase>
    <testcase name="testTimeout" classname="com.danny.sfgpetclinic.controllers.IndexControllerTest" time="0.002"/>
    <testcase name="testAssumptionTrueAssumptionIsTrue"
              classname="com.danny.sfgpetclinic.controllers.IndexControllerTest" time="0"/>
    <testcase name="testTimeoutPrempt" classname="com.danny.sfgpetclinic.controllers.IndexControllerTest" time="0"/>
    <testcase name="testOnWindows" classname="com.danny.sfgpetclinic.controllers.IndexControllerTest" time="0.001"/>
    <testcase name="testIfUserTotha" classname="com.danny.sfgpetclinic.controllers.IndexControllerTest" time="0">
        <skipped
                message="Environment variable [USERNAME] with value [Danish] does not match regular expression [Totha]"/>
    </testcase>
    <testcase name="index" classname="com.danny.sfgpetclinic.controllers.IndexControllerTest" time="0.102"/>
    <testcase name="oupsHandler" classname="com.danny.sfgpetclinic.controllers.IndexControllerTest" time="0.003"/>
    <testcase name="testAssumptionTrue" classname="com.danny.sfgpetclinic.controllers.IndexControllerTest" time="0">
        <skipped message="Assumption failed: assumption is not true" type="org.opentest4j.TestAbortedException">
            org.opentest4j.TestAbortedException: Assumption failed: assumption is not true
            at com.danny.sfgpetclinic.controllers.IndexControllerTest.testAssumptionTrue(IndexControllerTest.java:68)
        </skipped>
    </testcase>
    <testcase name="testIfUserDanish" classname="com.danny.sfgpetclinic.controllers.IndexControllerTest" time="0">
        <skipped
                message="Environment variable [USERNAME] with value [Danish] does not match regular expression [SYSTEM]"/>
    </testcase>
    <testcase name="testOnJava11" classname="com.danny.sfgpetclinic.controllers.IndexControllerTest" time="0">
        <skipped message="Disabled on JRE version: 1.8.0_101"/>
    </testcase>
</testsuite>